This is pdfTeX, Version 3.141592653-2.6-1.40.25 (TeX Live 2023/nixos.org) (preloaded format=pdflatex 1980.1.1)  21 OCT 2024 23:20
entering extended mode
 restricted \write18 enabled.
 %&-line parsing enabled.
**sprawozdanie1.tex
(./sprawozdanie1.tex
LaTeX2e <2023-11-01> patch level 1
L3 programming layer <2024-02-20>

(/nix/store/063rng0gi2l8gn62d0wd3php3m6ilhcd-texlive-2023-env-texmfdist/tex/lat
ex/base/article.cls
Document Class: article 2023/05/17 v1.4n Standard LaTeX document class

(/nix/store/063rng0gi2l8gn62d0wd3php3m6ilhcd-texlive-2023-env-texmfdist/tex/lat
ex/base/size10.clo
File: size10.clo 2023/05/17 v1.4n Standard LaTeX file (size option)
)
\c@part=\count188
\c@section=\count189
\c@subsection=\count190
\c@subsubsection=\count191
\c@paragraph=\count192
\c@subparagraph=\count193
\c@figure=\count194
\c@table=\count195
\abovecaptionskip=\skip48
\belowcaptionskip=\skip49
\bibindent=\dimen140
)
(/nix/store/063rng0gi2l8gn62d0wd3php3m6ilhcd-texlive-2023-env-texmfdist/tex/lat
ex/base/fontenc.sty
Package: fontenc 2021/04/29 v2.0v Standard LaTeX package
)
(/nix/store/063rng0gi2l8gn62d0wd3php3m6ilhcd-texlive-2023-env-texmfdist/tex/gen
eric/babel/babel.sty
Package: babel 2024/02/07 v24.2 The Babel package
\babel@savecnt=\count196
\U@D=\dimen141
\l@unhyphenated=\language89

(/nix/store/063rng0gi2l8gn62d0wd3php3m6ilhcd-texlive-2023-env-texmfdist/tex/gen
eric/babel/txtbabel.def)
\bbl@readstream=\read2
\bbl@dirlevel=\count197

(/nix/store/063rng0gi2l8gn62d0wd3php3m6ilhcd-texlive-2023-env-texmfdist/tex/gen
eric/babel-polish/polish.ldf
Language: polish 2022/03/12 1.3 Babel support for Polish
Package babel Info: Making " an active character on input line 101.
))
(/nix/store/063rng0gi2l8gn62d0wd3php3m6ilhcd-texlive-2023-env-texmfdist/tex/gen
eric/babel/locale/pl/babel-polish.tex
Package babel Info: Importing font and identification data for polish
(babel)             from babel-pl.ini. Reported on input line 11.
)
(/nix/store/063rng0gi2l8gn62d0wd3php3m6ilhcd-texlive-2023-env-texmfdist/tex/lat
ex/base/inputenc.sty
Package: inputenc 2021/02/14 v1.3d Input encoding file
\inpenc@prehook=\toks17
\inpenc@posthook=\toks18
)
(/nix/store/063rng0gi2l8gn62d0wd3php3m6ilhcd-texlive-2023-env-texmfdist/tex/lat
ex/pgf/frontendlayer/tikz.sty
(/nix/store/063rng0gi2l8gn62d0wd3php3m6ilhcd-texlive-2023-env-texmfdist/tex/lat
ex/pgf/basiclayer/pgf.sty
(/nix/store/063rng0gi2l8gn62d0wd3php3m6ilhcd-texlive-2023-env-texmfdist/tex/lat
ex/pgf/utilities/pgfrcs.sty
(/nix/store/063rng0gi2l8gn62d0wd3php3m6ilhcd-texlive-2023-env-texmfdist/tex/gen
eric/pgf/utilities/pgfutil-common.tex
\pgfutil@everybye=\toks19
\pgfutil@tempdima=\dimen142
\pgfutil@tempdimb=\dimen143
)
(/nix/store/063rng0gi2l8gn62d0wd3php3m6ilhcd-texlive-2023-env-texmfdist/tex/gen
eric/pgf/utilities/pgfutil-latex.def
\pgfutil@abb=\box51
)
(/nix/store/063rng0gi2l8gn62d0wd3php3m6ilhcd-texlive-2023-env-texmfdist/tex/gen
eric/pgf/utilities/pgfrcs.code.tex
(/nix/store/063rng0gi2l8gn62d0wd3php3m6ilhcd-texlive-2023-env-texmfdist/tex/gen
eric/pgf/pgf.revision.tex)
Package: pgfrcs 2023-01-15 v3.1.10 (3.1.10)
))
Package: pgf 2023-01-15 v3.1.10 (3.1.10)

(/nix/store/063rng0gi2l8gn62d0wd3php3m6ilhcd-texlive-2023-env-texmfdist/tex/lat
ex/pgf/basiclayer/pgfcore.sty
(/nix/store/063rng0gi2l8gn62d0wd3php3m6ilhcd-texlive-2023-env-texmfdist/tex/lat
ex/graphics/graphicx.sty
Package: graphicx 2021/09/16 v1.2d Enhanced LaTeX Graphics (DPC,SPQR)

(/nix/store/063rng0gi2l8gn62d0wd3php3m6ilhcd-texlive-2023-env-texmfdist/tex/lat
ex/graphics/keyval.sty
Package: keyval 2022/05/29 v1.15 key=value parser (DPC)
\KV@toks@=\toks20
)
(/nix/store/063rng0gi2l8gn62d0wd3php3m6ilhcd-texlive-2023-env-texmfdist/tex/lat
ex/graphics/graphics.sty
Package: graphics 2022/03/10 v1.4e Standard LaTeX Graphics (DPC,SPQR)

(/nix/store/063rng0gi2l8gn62d0wd3php3m6ilhcd-texlive-2023-env-texmfdist/tex/lat
ex/graphics/trig.sty
Package: trig 2021/08/11 v1.11 sin cos tan (DPC)
)
(/nix/store/063rng0gi2l8gn62d0wd3php3m6ilhcd-texlive-2023-env-texmfdist/tex/lat
ex/graphics-cfg/graphics.cfg
File: graphics.cfg 2016/06/04 v1.11 sample graphics configuration
)
Package graphics Info: Driver file: pdftex.def on input line 107.

(/nix/store/063rng0gi2l8gn62d0wd3php3m6ilhcd-texlive-2023-env-texmfdist/tex/lat
ex/graphics-def/pdftex.def
File: pdftex.def 2022/09/22 v1.2b Graphics/color driver for pdftex
))
\Gin@req@height=\dimen144
\Gin@req@width=\dimen145
)
(/nix/store/063rng0gi2l8gn62d0wd3php3m6ilhcd-texlive-2023-env-texmfdist/tex/lat
ex/pgf/systemlayer/pgfsys.sty
(/nix/store/063rng0gi2l8gn62d0wd3php3m6ilhcd-texlive-2023-env-texmfdist/tex/gen
eric/pgf/systemlayer/pgfsys.code.tex
Package: pgfsys 2023-01-15 v3.1.10 (3.1.10)

(/nix/store/063rng0gi2l8gn62d0wd3php3m6ilhcd-texlive-2023-env-texmfdist/tex/gen
eric/pgf/utilities/pgfkeys.code.tex
\pgfkeys@pathtoks=\toks21
\pgfkeys@temptoks=\toks22

(/nix/store/063rng0gi2l8gn62d0wd3php3m6ilhcd-texlive-2023-env-texmfdist/tex/gen
eric/pgf/utilities/pgfkeyslibraryfiltered.code.tex
\pgfkeys@tmptoks=\toks23
))
\pgf@x=\dimen146
\pgf@y=\dimen147
\pgf@xa=\dimen148
\pgf@ya=\dimen149
\pgf@xb=\dimen150
\pgf@yb=\dimen151
\pgf@xc=\dimen152
\pgf@yc=\dimen153
\pgf@xd=\dimen154
\pgf@yd=\dimen155
\w@pgf@writea=\write3
\r@pgf@reada=\read3
\c@pgf@counta=\count198
\c@pgf@countb=\count199
\c@pgf@countc=\count266
\c@pgf@countd=\count267
\t@pgf@toka=\toks24
\t@pgf@tokb=\toks25
\t@pgf@tokc=\toks26
\pgf@sys@id@count=\count268

(/nix/store/063rng0gi2l8gn62d0wd3php3m6ilhcd-texlive-2023-env-texmfdist/tex/gen
eric/pgf/systemlayer/pgf.cfg
File: pgf.cfg 2023-01-15 v3.1.10 (3.1.10)
)
Driver file for pgf: pgfsys-pdftex.def

(/nix/store/063rng0gi2l8gn62d0wd3php3m6ilhcd-texlive-2023-env-texmfdist/tex/gen
eric/pgf/systemlayer/pgfsys-pdftex.def
File: pgfsys-pdftex.def 2023-01-15 v3.1.10 (3.1.10)

(/nix/store/063rng0gi2l8gn62d0wd3php3m6ilhcd-texlive-2023-env-texmfdist/tex/gen
eric/pgf/systemlayer/pgfsys-common-pdf.def
File: pgfsys-common-pdf.def 2023-01-15 v3.1.10 (3.1.10)
)))
(/nix/store/063rng0gi2l8gn62d0wd3php3m6ilhcd-texlive-2023-env-texmfdist/tex/gen
eric/pgf/systemlayer/pgfsyssoftpath.code.tex
File: pgfsyssoftpath.code.tex 2023-01-15 v3.1.10 (3.1.10)
\pgfsyssoftpath@smallbuffer@items=\count269
\pgfsyssoftpath@bigbuffer@items=\count270
)
(/nix/store/063rng0gi2l8gn62d0wd3php3m6ilhcd-texlive-2023-env-texmfdist/tex/gen
eric/pgf/systemlayer/pgfsysprotocol.code.tex
File: pgfsysprotocol.code.tex 2023-01-15 v3.1.10 (3.1.10)
))
(/nix/store/063rng0gi2l8gn62d0wd3php3m6ilhcd-texlive-2023-env-texmfdist/tex/lat
ex/xcolor/xcolor.sty
Package: xcolor 2023/11/15 v3.01 LaTeX color extensions (UK)

(/nix/store/063rng0gi2l8gn62d0wd3php3m6ilhcd-texlive-2023-env-texmfdist/tex/lat
ex/graphics-cfg/color.cfg
File: color.cfg 2016/01/02 v1.6 sample color configuration
)
Package xcolor Info: Driver file: pdftex.def on input line 274.

(/nix/store/063rng0gi2l8gn62d0wd3php3m6ilhcd-texlive-2023-env-texmfdist/tex/lat
ex/graphics/mathcolor.ltx)
Package xcolor Info: Model `cmy' substituted by `cmy0' on input line 1350.
Package xcolor Info: Model `hsb' substituted by `rgb' on input line 1354.
Package xcolor Info: Model `RGB' extended on input line 1366.
Package xcolor Info: Model `HTML' substituted by `rgb' on input line 1368.
Package xcolor Info: Model `Hsb' substituted by `hsb' on input line 1369.
Package xcolor Info: Model `tHsb' substituted by `hsb' on input line 1370.
Package xcolor Info: Model `HSB' substituted by `hsb' on input line 1371.
Package xcolor Info: Model `Gray' substituted by `gray' on input line 1372.
Package xcolor Info: Model `wave' substituted by `hsb' on input line 1373.
)
(/nix/store/063rng0gi2l8gn62d0wd3php3m6ilhcd-texlive-2023-env-texmfdist/tex/gen
eric/pgf/basiclayer/pgfcore.code.tex
Package: pgfcore 2023-01-15 v3.1.10 (3.1.10)

(/nix/store/063rng0gi2l8gn62d0wd3php3m6ilhcd-texlive-2023-env-texmfdist/tex/gen
eric/pgf/math/pgfmath.code.tex
(/nix/store/063rng0gi2l8gn62d0wd3php3m6ilhcd-texlive-2023-env-texmfdist/tex/gen
eric/pgf/math/pgfmathutil.code.tex)
(/nix/store/063rng0gi2l8gn62d0wd3php3m6ilhcd-texlive-2023-env-texmfdist/tex/gen
eric/pgf/math/pgfmathparser.code.tex
\pgfmath@dimen=\dimen156
\pgfmath@count=\count271
\pgfmath@box=\box52
\pgfmath@toks=\toks27
\pgfmath@stack@operand=\toks28
\pgfmath@stack@operation=\toks29
)
(/nix/store/063rng0gi2l8gn62d0wd3php3m6ilhcd-texlive-2023-env-texmfdist/tex/gen
eric/pgf/math/pgfmathfunctions.code.tex)
(/nix/store/063rng0gi2l8gn62d0wd3php3m6ilhcd-texlive-2023-env-texmfdist/tex/gen
eric/pgf/math/pgfmathfunctions.basic.code.tex)
(/nix/store/063rng0gi2l8gn62d0wd3php3m6ilhcd-texlive-2023-env-texmfdist/tex/gen
eric/pgf/math/pgfmathfunctions.trigonometric.code.tex)
(/nix/store/063rng0gi2l8gn62d0wd3php3m6ilhcd-texlive-2023-env-texmfdist/tex/gen
eric/pgf/math/pgfmathfunctions.random.code.tex)
(/nix/store/063rng0gi2l8gn62d0wd3php3m6ilhcd-texlive-2023-env-texmfdist/tex/gen
eric/pgf/math/pgfmathfunctions.comparison.code.tex)
(/nix/store/063rng0gi2l8gn62d0wd3php3m6ilhcd-texlive-2023-env-texmfdist/tex/gen
eric/pgf/math/pgfmathfunctions.base.code.tex)
(/nix/store/063rng0gi2l8gn62d0wd3php3m6ilhcd-texlive-2023-env-texmfdist/tex/gen
eric/pgf/math/pgfmathfunctions.round.code.tex)
(/nix/store/063rng0gi2l8gn62d0wd3php3m6ilhcd-texlive-2023-env-texmfdist/tex/gen
eric/pgf/math/pgfmathfunctions.misc.code.tex)
(/nix/store/063rng0gi2l8gn62d0wd3php3m6ilhcd-texlive-2023-env-texmfdist/tex/gen
eric/pgf/math/pgfmathfunctions.integerarithmetics.code.tex)
(/nix/store/063rng0gi2l8gn62d0wd3php3m6ilhcd-texlive-2023-env-texmfdist/tex/gen
eric/pgf/math/pgfmathcalc.code.tex)
(/nix/store/063rng0gi2l8gn62d0wd3php3m6ilhcd-texlive-2023-env-texmfdist/tex/gen
eric/pgf/math/pgfmathfloat.code.tex
\c@pgfmathroundto@lastzeros=\count272
))
(/nix/store/063rng0gi2l8gn62d0wd3php3m6ilhcd-texlive-2023-env-texmfdist/tex/gen
eric/pgf/math/pgfint.code.tex)
(/nix/store/063rng0gi2l8gn62d0wd3php3m6ilhcd-texlive-2023-env-texmfdist/tex/gen
eric/pgf/basiclayer/pgfcorepoints.code.tex
File: pgfcorepoints.code.tex 2023-01-15 v3.1.10 (3.1.10)
\pgf@picminx=\dimen157
\pgf@picmaxx=\dimen158
\pgf@picminy=\dimen159
\pgf@picmaxy=\dimen160
\pgf@pathminx=\dimen161
\pgf@pathmaxx=\dimen162
\pgf@pathminy=\dimen163
\pgf@pathmaxy=\dimen164
\pgf@xx=\dimen165
\pgf@xy=\dimen166
\pgf@yx=\dimen167
\pgf@yy=\dimen168
\pgf@zx=\dimen169
\pgf@zy=\dimen170
)
(/nix/store/063rng0gi2l8gn62d0wd3php3m6ilhcd-texlive-2023-env-texmfdist/tex/gen
eric/pgf/basiclayer/pgfcorepathconstruct.code.tex
File: pgfcorepathconstruct.code.tex 2023-01-15 v3.1.10 (3.1.10)
\pgf@path@lastx=\dimen171
\pgf@path@lasty=\dimen172
)
(/nix/store/063rng0gi2l8gn62d0wd3php3m6ilhcd-texlive-2023-env-texmfdist/tex/gen
eric/pgf/basiclayer/pgfcorepathusage.code.tex
File: pgfcorepathusage.code.tex 2023-01-15 v3.1.10 (3.1.10)
\pgf@shorten@end@additional=\dimen173
\pgf@shorten@start@additional=\dimen174
)
(/nix/store/063rng0gi2l8gn62d0wd3php3m6ilhcd-texlive-2023-env-texmfdist/tex/gen
eric/pgf/basiclayer/pgfcorescopes.code.tex
File: pgfcorescopes.code.tex 2023-01-15 v3.1.10 (3.1.10)
\pgfpic=\box53
\pgf@hbox=\box54
\pgf@layerbox@main=\box55
\pgf@picture@serial@count=\count273
)
(/nix/store/063rng0gi2l8gn62d0wd3php3m6ilhcd-texlive-2023-env-texmfdist/tex/gen
eric/pgf/basiclayer/pgfcoregraphicstate.code.tex
File: pgfcoregraphicstate.code.tex 2023-01-15 v3.1.10 (3.1.10)
\pgflinewidth=\dimen175
)
(/nix/store/063rng0gi2l8gn62d0wd3php3m6ilhcd-texlive-2023-env-texmfdist/tex/gen
eric/pgf/basiclayer/pgfcoretransformations.code.tex
File: pgfcoretransformations.code.tex 2023-01-15 v3.1.10 (3.1.10)
\pgf@pt@x=\dimen176
\pgf@pt@y=\dimen177
\pgf@pt@temp=\dimen178
)
(/nix/store/063rng0gi2l8gn62d0wd3php3m6ilhcd-texlive-2023-env-texmfdist/tex/gen
eric/pgf/basiclayer/pgfcorequick.code.tex
File: pgfcorequick.code.tex 2023-01-15 v3.1.10 (3.1.10)
)
(/nix/store/063rng0gi2l8gn62d0wd3php3m6ilhcd-texlive-2023-env-texmfdist/tex/gen
eric/pgf/basiclayer/pgfcoreobjects.code.tex
File: pgfcoreobjects.code.tex 2023-01-15 v3.1.10 (3.1.10)
)
(/nix/store/063rng0gi2l8gn62d0wd3php3m6ilhcd-texlive-2023-env-texmfdist/tex/gen
eric/pgf/basiclayer/pgfcorepathprocessing.code.tex
File: pgfcorepathprocessing.code.tex 2023-01-15 v3.1.10 (3.1.10)
)
(/nix/store/063rng0gi2l8gn62d0wd3php3m6ilhcd-texlive-2023-env-texmfdist/tex/gen
eric/pgf/basiclayer/pgfcorearrows.code.tex
File: pgfcorearrows.code.tex 2023-01-15 v3.1.10 (3.1.10)
\pgfarrowsep=\dimen179
)
(/nix/store/063rng0gi2l8gn62d0wd3php3m6ilhcd-texlive-2023-env-texmfdist/tex/gen
eric/pgf/basiclayer/pgfcoreshade.code.tex
File: pgfcoreshade.code.tex 2023-01-15 v3.1.10 (3.1.10)
\pgf@max=\dimen180
\pgf@sys@shading@range@num=\count274
\pgf@shadingcount=\count275
)
(/nix/store/063rng0gi2l8gn62d0wd3php3m6ilhcd-texlive-2023-env-texmfdist/tex/gen
eric/pgf/basiclayer/pgfcoreimage.code.tex
File: pgfcoreimage.code.tex 2023-01-15 v3.1.10 (3.1.10)
)
(/nix/store/063rng0gi2l8gn62d0wd3php3m6ilhcd-texlive-2023-env-texmfdist/tex/gen
eric/pgf/basiclayer/pgfcoreexternal.code.tex
File: pgfcoreexternal.code.tex 2023-01-15 v3.1.10 (3.1.10)
\pgfexternal@startupbox=\box56
)
(/nix/store/063rng0gi2l8gn62d0wd3php3m6ilhcd-texlive-2023-env-texmfdist/tex/gen
eric/pgf/basiclayer/pgfcorelayers.code.tex
File: pgfcorelayers.code.tex 2023-01-15 v3.1.10 (3.1.10)
)
(/nix/store/063rng0gi2l8gn62d0wd3php3m6ilhcd-texlive-2023-env-texmfdist/tex/gen
eric/pgf/basiclayer/pgfcoretransparency.code.tex
File: pgfcoretransparency.code.tex 2023-01-15 v3.1.10 (3.1.10)
)
(/nix/store/063rng0gi2l8gn62d0wd3php3m6ilhcd-texlive-2023-env-texmfdist/tex/gen
eric/pgf/basiclayer/pgfcorepatterns.code.tex
File: pgfcorepatterns.code.tex 2023-01-15 v3.1.10 (3.1.10)
)
(/nix/store/063rng0gi2l8gn62d0wd3php3m6ilhcd-texlive-2023-env-texmfdist/tex/gen
eric/pgf/basiclayer/pgfcorerdf.code.tex
File: pgfcorerdf.code.tex 2023-01-15 v3.1.10 (3.1.10)
)))
(/nix/store/063rng0gi2l8gn62d0wd3php3m6ilhcd-texlive-2023-env-texmfdist/tex/gen
eric/pgf/modules/pgfmoduleshapes.code.tex
File: pgfmoduleshapes.code.tex 2023-01-15 v3.1.10 (3.1.10)
\pgfnodeparttextbox=\box57
)
(/nix/store/063rng0gi2l8gn62d0wd3php3m6ilhcd-texlive-2023-env-texmfdist/tex/gen
eric/pgf/modules/pgfmoduleplot.code.tex
File: pgfmoduleplot.code.tex 2023-01-15 v3.1.10 (3.1.10)
)
(/nix/store/063rng0gi2l8gn62d0wd3php3m6ilhcd-texlive-2023-env-texmfdist/tex/lat
ex/pgf/compatibility/pgfcomp-version-0-65.sty
Package: pgfcomp-version-0-65 2023-01-15 v3.1.10 (3.1.10)
\pgf@nodesepstart=\dimen181
\pgf@nodesepend=\dimen182
)
(/nix/store/063rng0gi2l8gn62d0wd3php3m6ilhcd-texlive-2023-env-texmfdist/tex/lat
ex/pgf/compatibility/pgfcomp-version-1-18.sty
Package: pgfcomp-version-1-18 2023-01-15 v3.1.10 (3.1.10)
))
(/nix/store/063rng0gi2l8gn62d0wd3php3m6ilhcd-texlive-2023-env-texmfdist/tex/lat
ex/pgf/utilities/pgffor.sty
(/nix/store/063rng0gi2l8gn62d0wd3php3m6ilhcd-texlive-2023-env-texmfdist/tex/lat
ex/pgf/utilities/pgfkeys.sty
(/nix/store/063rng0gi2l8gn62d0wd3php3m6ilhcd-texlive-2023-env-texmfdist/tex/gen
eric/pgf/utilities/pgfkeys.code.tex))
(/nix/store/063rng0gi2l8gn62d0wd3php3m6ilhcd-texlive-2023-env-texmfdist/tex/lat
ex/pgf/math/pgfmath.sty
(/nix/store/063rng0gi2l8gn62d0wd3php3m6ilhcd-texlive-2023-env-texmfdist/tex/gen
eric/pgf/math/pgfmath.code.tex))
(/nix/store/063rng0gi2l8gn62d0wd3php3m6ilhcd-texlive-2023-env-texmfdist/tex/gen
eric/pgf/utilities/pgffor.code.tex
Package: pgffor 2023-01-15 v3.1.10 (3.1.10)
\pgffor@iter=\dimen183
\pgffor@skip=\dimen184
\pgffor@stack=\toks30
\pgffor@toks=\toks31
))
(/nix/store/063rng0gi2l8gn62d0wd3php3m6ilhcd-texlive-2023-env-texmfdist/tex/gen
eric/pgf/frontendlayer/tikz/tikz.code.tex
Package: tikz 2023-01-15 v3.1.10 (3.1.10)

(/nix/store/063rng0gi2l8gn62d0wd3php3m6ilhcd-texlive-2023-env-texmfdist/tex/gen
eric/pgf/libraries/pgflibraryplothandlers.code.tex
File: pgflibraryplothandlers.code.tex 2023-01-15 v3.1.10 (3.1.10)
\pgf@plot@mark@count=\count276
\pgfplotmarksize=\dimen185
)
\tikz@lastx=\dimen186
\tikz@lasty=\dimen187
\tikz@lastxsaved=\dimen188
\tikz@lastysaved=\dimen189
\tikz@lastmovetox=\dimen190
\tikz@lastmovetoy=\dimen191
\tikzleveldistance=\dimen192
\tikzsiblingdistance=\dimen193
\tikz@figbox=\box58
\tikz@figbox@bg=\box59
\tikz@tempbox=\box60
\tikz@tempbox@bg=\box61
\tikztreelevel=\count277
\tikznumberofchildren=\count278
\tikznumberofcurrentchild=\count279
\tikz@fig@count=\count280

(/nix/store/063rng0gi2l8gn62d0wd3php3m6ilhcd-texlive-2023-env-texmfdist/tex/gen
eric/pgf/modules/pgfmodulematrix.code.tex
File: pgfmodulematrix.code.tex 2023-01-15 v3.1.10 (3.1.10)
\pgfmatrixcurrentrow=\count281
\pgfmatrixcurrentcolumn=\count282
\pgf@matrix@numberofcolumns=\count283
)
\tikz@expandcount=\count284

(/nix/store/063rng0gi2l8gn62d0wd3php3m6ilhcd-texlive-2023-env-texmfdist/tex/gen
eric/pgf/frontendlayer/tikz/libraries/tikzlibrarytopaths.code.tex
File: tikzlibrarytopaths.code.tex 2023-01-15 v3.1.10 (3.1.10)
)))
(/nix/store/063rng0gi2l8gn62d0wd3php3m6ilhcd-texlive-2023-env-texmfdist/tex/lat
ex/l3backend/l3backend-pdftex.def
File: l3backend-pdftex.def 2024-02-20 L3 backend support: PDF output (pdfTeX)
\l__color_backend_stack_int=\count285
\l__pdf_internal_box=\box62
)

LaTeX Warning: Unused global option(s):
    [15pt].

(./sprawozdanie1.aux)
\openout1 = `sprawozdanie1.aux'.

LaTeX Font Info:    Checking defaults for OML/cmm/m/it on input line 9.
LaTeX Font Info:    ... okay on input line 9.
LaTeX Font Info:    Checking defaults for OMS/cmsy/m/n on input line 9.
LaTeX Font Info:    ... okay on input line 9.
LaTeX Font Info:    Checking defaults for OT1/cmr/m/n on input line 9.
LaTeX Font Info:    ... okay on input line 9.
LaTeX Font Info:    Checking defaults for T1/cmr/m/n on input line 9.
LaTeX Font Info:    ... okay on input line 9.
LaTeX Font Info:    Checking defaults for TS1/cmr/m/n on input line 9.
LaTeX Font Info:    ... okay on input line 9.
LaTeX Font Info:    Checking defaults for OMX/cmex/m/n on input line 9.
LaTeX Font Info:    ... okay on input line 9.
LaTeX Font Info:    Checking defaults for U/cmr/m/n on input line 9.
LaTeX Font Info:    ... okay on input line 9.

(/nix/store/063rng0gi2l8gn62d0wd3php3m6ilhcd-texlive-2023-env-texmfdist/tex/con
text/base/mkii/supp-pdf.mkii
[Loading MPS to PDF converter (version 2006.09.02).]
\scratchcounter=\count286
\scratchdimen=\dimen194
\scratchbox=\box63
\nofMPsegments=\count287
\nofMParguments=\count288
\everyMPshowfont=\toks32
\MPscratchCnt=\count289
\MPscratchDim=\dimen195
\MPnumerator=\count290
\makeMPintoPDFobject=\count291
\everyMPtoPDFconversion=\toks33
)
(/nix/store/063rng0gi2l8gn62d0wd3php3m6ilhcd-texlive-2023-env-texmfdist/tex/lat
ex/epstopdf-pkg/epstopdf-base.sty
Package: epstopdf-base 2020-01-24 v2.11 Base part for package epstopdf
Package epstopdf-base Info: Redefining graphics rule for `.eps' on input line 4
85.

(/nix/store/063rng0gi2l8gn62d0wd3php3m6ilhcd-texlive-2023-env-texmfdist/tex/lat
ex/latexconfig/epstopdf-sys.cfg
File: epstopdf-sys.cfg 2010/07/13 v1.3 Configuration of (r)epstopdf for TeX Liv
e
))
LaTeX Font Info:    External font `cmex10' loaded for size
(Font)              <12> on input line 10.
LaTeX Font Info:    External font `cmex10' loaded for size
(Font)              <8> on input line 10.
LaTeX Font Info:    External font `cmex10' loaded for size
(Font)              <6> on input line 10.
LaTeX Font Info:    External font `cmex10' loaded for size
(Font)              <7> on input line 53.
LaTeX Font Info:    External font `cmex10' loaded for size
(Font)              <5> on input line 53.
 [1

{/nix/store/b4v9s6zz6lm6g26d2mx2b8vhb027nc42-texlive-2023-env/share/texmf-var/f
onts/map/pdftex/updmap/pdftex.map}{/nix/store/063rng0gi2l8gn62d0wd3php3m6ilhcd-
texlive-2023-env-texmfdist/fonts/enc/dvips/cm-super/cm-super-t1.enc}]
Overfull \hbox (33.39778pt too wide) in paragraph at lines 173--174
[][] 
 []


Overfull \hbox (33.39778pt too wide) in paragraph at lines 194--195
[][] 
 []


Overfull \hbox (33.39778pt too wide) in paragraph at lines 240--241
[][] 
 []


Overfull \hbox (33.39778pt too wide) in paragraph at lines 261--262
[][] 
 []

[2]
Overfull \hbox (33.39778pt too wide) in paragraph at lines 309--310
[][] 
 []


Overfull \hbox (90.30327pt too wide) in paragraph at lines 332--333
[][] 
 []


Overfull \hbox (33.39778pt too wide) in paragraph at lines 380--381
[][] 
 []


Overfull \hbox (33.39778pt too wide) in paragraph at lines 403--404
[][] 
 []


Overfull \hbox (90.30327pt too wide) in paragraph at lines 450--451
[][] 
 []

[3]
Overfull \hbox (33.39778pt too wide) in paragraph at lines 488--489
[][] 
 []


Overfull \hbox (33.39778pt too wide) in paragraph at lines 512--513
[][] 
 []


Overfull \hbox (33.39778pt too wide) in paragraph at lines 562--563
[][] 
 []


Overfull \hbox (33.39778pt too wide) in paragraph at lines 587--588
[][] 
 []

[4]
Overfull \hbox (95.83449pt too wide) in paragraph at lines 695--712
[][]
 []

[5]
Underfull \hbox (badness 10000) in paragraph at lines 802--805

 []


Underfull \hbox (badness 10000) in paragraph at lines 806--808

 []


Underfull \hbox (badness 10000) in paragraph at lines 809--811

 []


Underfull \hbox (badness 10000) in paragraph at lines 812--814

 []


Underfull \hbox (badness 10000) in paragraph at lines 815--817

 []


Underfull \hbox (badness 10000) in paragraph at lines 818--819

 []

[6]
Underfull \hbox (badness 10000) in paragraph at lines 820--823

 []


Underfull \hbox (badness 10000) in paragraph at lines 824--826

 []


Underfull \hbox (badness 10000) in paragraph at lines 827--829

 []


Underfull \hbox (badness 10000) in paragraph at lines 830--832

 []


Underfull \hbox (badness 10000) in paragraph at lines 833--835

 []


Underfull \hbox (badness 10000) in paragraph at lines 836--837

 []


Underfull \hbox (badness 10000) in paragraph at lines 838--841

 []


Underfull \hbox (badness 10000) in paragraph at lines 842--844

 []


Underfull \hbox (badness 10000) in paragraph at lines 845--847

 []


Underfull \hbox (badness 10000) in paragraph at lines 848--850

 []


Underfull \hbox (badness 10000) in paragraph at lines 851--853

 []


Underfull \hbox (badness 10000) in paragraph at lines 854--855

 []


Underfull \hbox (badness 10000) in paragraph at lines 856--859

 []


Underfull \hbox (badness 10000) in paragraph at lines 860--862

 []


Underfull \hbox (badness 10000) in paragraph at lines 863--865

 []

[7]
Underfull \hbox (badness 10000) in paragraph at lines 866--868

 []


Underfull \hbox (badness 10000) in paragraph at lines 869--871

 []


Underfull \hbox (badness 10000) in paragraph at lines 872--873

 []


Underfull \hbox (badness 10000) in paragraph at lines 874--877

 []


Underfull \hbox (badness 10000) in paragraph at lines 878--880

 []


Underfull \hbox (badness 10000) in paragraph at lines 881--883

 []


Underfull \hbox (badness 10000) in paragraph at lines 884--886

 []


Underfull \hbox (badness 10000) in paragraph at lines 887--889

 []


Underfull \hbox (badness 10000) in paragraph at lines 890--891

 []


Underfull \hbox (badness 10000) in paragraph at lines 892--895

 []


Underfull \hbox (badness 10000) in paragraph at lines 896--898

 []


Underfull \hbox (badness 10000) in paragraph at lines 899--901

 []


Underfull \hbox (badness 10000) in paragraph at lines 902--904

 []


Underfull \hbox (badness 10000) in paragraph at lines 905--907

 []


Underfull \hbox (badness 10000) in paragraph at lines 908--909

 []

[8] [9] (./sprawozdanie1.aux)
 ***********
LaTeX2e <2023-11-01> patch level 1
L3 programming layer <2024-02-20>
 ***********
 ) 
Here is how much of TeX's memory you used:
 13267 strings out of 474116
 279973 string characters out of 5720541
 1952187 words of memory out of 5000000
 35425 multiletter control sequences out of 15000+600000
 564562 words of font info for 50 fonts, out of 8000000 for 9000
 1141 hyphenation exceptions out of 8191
 102i,10n,107p,654b,694s stack positions out of 10000i,1000n,20000p,200000b,200000s
</nix/store/063rng0gi2l8gn62d0wd3php3m6ilhcd-texlive-2023-env-texmfdist/fonts
/type1/public/cm-super/sfbx1000.pfb></nix/store/063rng0gi2l8gn62d0wd3php3m6ilhc
d-texlive-2023-env-texmfdist/fonts/type1/public/cm-super/sfrm1000.pfb></nix/sto
re/063rng0gi2l8gn62d0wd3php3m6ilhcd-texlive-2023-env-texmfdist/fonts/type1/publ
ic/cm-super/sfrm1200.pfb></nix/store/063rng0gi2l8gn62d0wd3php3m6ilhcd-texlive-2
023-env-texmfdist/fonts/type1/public/cm-super/sfrm1728.pfb></nix/store/063rng0g
i2l8gn62d0wd3php3m6ilhcd-texlive-2023-env-texmfdist/fonts/type1/public/cm-super
/sfti1000.pfb>
Output written on sprawozdanie1.pdf (9 pages, 117668 bytes).
PDF statistics:
 63 PDF objects out of 1000 (max. 8388607)
 41 compressed objects within 1 object stream
 0 named destinations out of 1000 (max. 500000)
 13 words of extra memory for PDF output out of 10000 (max. 10000000)

